<?xml version="1.0"?>
<root>
    <metadata>
        <gencode>1</gencode>
        <genomes>
                  <genome>/tmp/tmpPJZIQf/files/000/dataset_1.dat</genome>
        </genomes>
        <general>
            <defaultLocation></defaultLocation>
            <trackPadding>20</trackPadding>

            <shareLink>true</shareLink>
            <aboutDescription></aboutDescription>
            <show_tracklist>true</show_tracklist>
            <show_nav>true</show_nav>
            <show_overview>true</show_overview>
            <show_menu>true</show_menu>
            <hideGenomeOptions>false</hideGenomeOptions>
        </general>
    </metadata>
    <tracks>
    </tracks>
</root>
