<?xml version="1.0"?>
<root>
    <metadata>
        <gencode>1</gencode>
        <genomes>
            <genome>test-data/merlin.fa</genome>
        </genomes>
    </metadata>
    <tracks>
    </tracks>
</root>
