<?xml version="1.0"?>
<root>
    <metadata>
        <gencode>1</gencode>
        <genomes>
              <genome path="/tmp/tmpqkd9zdgq/files/3/1/2/dataset_312987c8-262b-4b83-b9b1-9e6e84c6bee0.dat">
                <metadata>
                  <dataset id="2891970512fa2d5a" hid="1"
                      size="171.6 KB"
                      edam_format="format_1929"
                      file_ext="fasta" />
                  <history id="2891970512fa2d5a"
                      user_email="test@bx.psu.edu"
                      user_id="2"
                      display_name="test_history"/>
                  <metadata
                      dbkey="?"
                      data_lines="2881"
                      sequences="1"
                      />
                  <tool
                      tool_id="upload1"
                      tool_version="1.1.6"
                      />
                </metadata>
              </genome>
        </genomes>
        <general>
            <defaultLocation></defaultLocation>
            <trackPadding>20</trackPadding>

            <shareLink>true</shareLink>
            <aboutDescription></aboutDescription>
            <show_tracklist>true</show_tracklist>
            <show_nav>true</show_nav>
            <show_overview>true</show_overview>
            <show_menu>true</show_menu>
            <hideGenomeOptions>false</hideGenomeOptions>
        </general>
        <galaxyUrl>http://localhost</galaxyUrl>
    </metadata>
    <tracks>
    </tracks>
    <plugins
        ComboTrackSelector=""
        Bookmarks=""
        GCContent=""
        BlastView="True"
        theme=""
        />
</root>
