<?xml version="1.0"?>
<root>
    <metadata>
        <gencode>1</gencode>
        <genomes>
              <genome path="/home/hxr/arbeit/tools-iuc/tools/jbrowse/test-data/merlin.fa">
                  <metadata />
              </genome>s
        </genomes>
        <general>
            <defaultLocation></defaultLocation>
            <trackPadding>20</trackPadding>

            <shareLink>true</shareLink>
            <aboutDescription></aboutDescription>
            <show_tracklist>true</show_tracklist>
            <show_nav>true</show_nav>
            <show_overview>true</show_overview>
            <show_menu>true</show_menu>
            <hideGenomeOptions>false</hideGenomeOptions>
        </general>
        <galaxyUrl>http://localhost</galaxyUrl>
    </metadata>
    <tracks>
    </tracks>
    <plugins
        ComboTrackSelector=""
        Bookmarks=""
        GCContent=""
        BlastView="True"
        theme=""
        />
</root>
